<?xml version="1.0" encoding="UTF-8"?>
<!-- Generated by org.testng.reporters.JUnitXMLReporter -->
<testsuite hostname="ICPL11528" name="FirefoxTest" tests="1" failures="0" timestamp="23 Feb 2018 11:53:50 GMT" time="6.288" errors="0">
  <testcase name="@BeforeMethod openBrowser" time="0.0" classname="com.orbitz.com.pageobjects.BaseClass">
    <failure type="java.lang.NullPointerException">
      <![CDATA[java.lang.NullPointerException
	at com.orbitz.com.pageobjects.TestBase.openBrowser(TestBase.java:49)
	at java.util.concurrent.FutureTask.run(Unknown Source)
	at java.util.concurrent.ThreadPoolExecutor.runWorker(Unknown Source)
	at java.util.concurrent.ThreadPoolExecutor$Worker.run(Unknown Source)
	at java.lang.Thread.run(Unknown Source)
... Removed 18 stack frames]]>
    </failure>
  </testcase> <!-- @BeforeMethod openBrowser -->
  <testcase name="@AfterMethod closeBrowser" time="0.0" classname="com.orbitz.com.pageobjects.BaseClass">
    <skipped/>
  </testcase> <!-- @AfterMethod closeBrowser -->
  <testcase name="bookFlight" time="0.0" classname="com.orbitz.com.pageobjects.BaseClass">
    <skipped/>
  </testcase> <!-- bookFlight -->
</testsuite> <!-- FirefoxTest -->
