<?xml version="1.0" encoding="UTF-8"?>
<!-- Generated by org.testng.reporters.JUnitXMLReporter -->
<testsuite hostname="ICPL11528" name="IETest" tests="1" failures="0" timestamp="9 Feb 2018 09:21:39 GMT" time="0.044" errors="0">
  <testcase name="@BeforeMethod openBrowser" time="0.0" classname="com.Orbitz.com.PageObjects.BaseClass">
    <failure type="java.lang.NullPointerException">
      <![CDATA[java.lang.NullPointerException
	at com.Orbitz.com.PageObjects.BaseClass.openBrowser(BaseClass.java:48)
	at java.util.concurrent.FutureTask.run(Unknown Source)
	at java.util.concurrent.ThreadPoolExecutor.runWorker(Unknown Source)
	at java.util.concurrent.ThreadPoolExecutor$Worker.run(Unknown Source)
	at java.lang.Thread.run(Unknown Source)
... Removed 18 stack frames]]>
    </failure>
  </testcase> <!-- @BeforeMethod openBrowser -->
  <testcase name="@AfterMethod closeBrowser" time="0.0" classname="com.Orbitz.com.PageObjects.BaseClass">
    <skipped/>
  </testcase> <!-- @AfterMethod closeBrowser -->
  <testcase name="bookFlight" time="0.008" classname="com.Orbitz.com.PageObjects.BaseClass">
    <skipped/>
  </testcase> <!-- bookFlight -->
</testsuite> <!-- IETest -->
