<?xml version="1.0" encoding="UTF-8"?>
<!-- Generated by org.testng.reporters.JUnitXMLReporter -->
<testsuite hostname="ICPL11528" name="FirefoxTest" tests="1" failures="0" timestamp="19 Feb 2018 10:57:34 GMT" time="56.096" errors="0">
  <testcase name="@BeforeMethod openBrowser" time="0.0" classname="com.orbitz.com.pageobjects.BaseClass">
    <failure type="java.lang.NullPointerException">
      <![CDATA[java.lang.NullPointerException
	at com.orbitz.com.pageobjects.BaseClass.openBrowser(BaseClass.java:51)
	at java.util.concurrent.FutureTask.run(FutureTask.java:266)
	at java.util.concurrent.ThreadPoolExecutor.runWorker(ThreadPoolExecutor.java:1149)
	at java.util.concurrent.ThreadPoolExecutor$Worker.run(ThreadPoolExecutor.java:624)
	at java.lang.Thread.run(Thread.java:748)
... Removed 18 stack frames]]>
    </failure>
  </testcase> <!-- @BeforeMethod openBrowser -->
  <testcase name="@AfterMethod closeBrowser" time="0.0" classname="com.orbitz.com.pageobjects.BaseClass">
    <skipped/>
  </testcase> <!-- @AfterMethod closeBrowser -->
  <testcase name="bookFlight" time="0.0" classname="com.orbitz.com.pageobjects.BaseClass">
    <skipped/>
  </testcase> <!-- bookFlight -->
</testsuite> <!-- FirefoxTest -->
