<?xml version="1.0" encoding="UTF-8"?>
<!-- Generated by org.testng.reporters.JUnitXMLReporter -->
<testsuite hostname="ICPL11528" name="FirefoxTest(failed)" tests="1" failures="0" timestamp="13 Feb 2018 11:49:35 GMT" time="0.592" errors="0">
  <testcase name="@BeforeMethod openBrowser" time="0.0" classname="com.orbitz.com.pageobjects.BaseClass">
    <failure type="java.lang.NullPointerException">
      <![CDATA[java.lang.NullPointerException
	at com.orbitz.com.pageobjects.BaseClass.openBrowser(BaseClass.java:51)
... Removed 26 stack frames]]>
    </failure>
  </testcase> <!-- @BeforeMethod openBrowser -->
  <testcase name="@AfterMethod closeBrowser" time="0.0" classname="com.orbitz.com.pageobjects.BaseClass">
    <skipped/>
  </testcase> <!-- @AfterMethod closeBrowser -->
  <testcase name="bookFlight" time="0.001" classname="com.orbitz.com.pageobjects.BaseClass">
    <skipped/>
  </testcase> <!-- bookFlight -->
</testsuite> <!-- FirefoxTest(failed) -->
