<?xml version="1.0" encoding="UTF-8"?>
<testng-results skipped="2" failed="0" total="2" passed="0">
  <reporter-output>
  </reporter-output>
  <suite name="Suite" duration-ms="56096" started-at="2018-02-19T10:56:38Z" finished-at="2018-02-19T10:57:34Z">
    <groups>
    </groups>
    <test name="ChromeTest" duration-ms="1089" started-at="2018-02-19T10:56:38Z" finished-at="2018-02-19T10:56:39Z">
      <class name="com.orbitz.com.pageobjects.BaseClass">
        <test-method status="FAIL" signature="openBrowser(java.lang.String)[pri:0, instance:com.orbitz.com.pageobjects.BaseClass@5594a1b5]" name="openBrowser" is-config="true" duration-ms="0" started-at="2018-02-19T16:26:38Z" finished-at="2018-02-19T16:26:38Z">
          <params>
            <param index="0">
              <value>
                <![CDATA[chrome]]>
              </value>
            </param>
          </params>
          <exception class="java.lang.NullPointerException">
            <full-stacktrace>
              <![CDATA[java.lang.NullPointerException
	at com.orbitz.com.pageobjects.BaseClass.openBrowser(BaseClass.java:51)
	at sun.reflect.NativeMethodAccessorImpl.invoke0(Native Method)
	at sun.reflect.NativeMethodAccessorImpl.invoke(NativeMethodAccessorImpl.java:62)
	at sun.reflect.DelegatingMethodAccessorImpl.invoke(DelegatingMethodAccessorImpl.java:43)
	at java.lang.reflect.Method.invoke(Method.java:498)
	at org.testng.internal.MethodInvocationHelper.invokeMethod(MethodInvocationHelper.java:84)
	at org.testng.internal.Invoker.invokeConfigurationMethod(Invoker.java:564)
	at org.testng.internal.Invoker.invokeConfigurations(Invoker.java:213)
	at org.testng.internal.Invoker.invokeMethod(Invoker.java:653)
	at org.testng.internal.Invoker.invokeTestMethod(Invoker.java:901)
	at org.testng.internal.Invoker.invokeTestMethods(Invoker.java:1231)
	at org.testng.internal.TestMethodWorker.invokeTestMethods(TestMethodWorker.java:127)
	at org.testng.internal.TestMethodWorker.run(TestMethodWorker.java:111)
	at org.testng.TestRunner.privateRun(TestRunner.java:767)
	at org.testng.TestRunner.run(TestRunner.java:617)
	at org.testng.SuiteRunner.runTest(SuiteRunner.java:348)
	at org.testng.SuiteRunner.access$000(SuiteRunner.java:38)
	at org.testng.SuiteRunner$SuiteWorker.run(SuiteRunner.java:382)
	at org.testng.internal.thread.ThreadUtil$2.call(ThreadUtil.java:64)
	at java.util.concurrent.FutureTask.run(FutureTask.java:266)
	at java.util.concurrent.ThreadPoolExecutor.runWorker(ThreadPoolExecutor.java:1149)
	at java.util.concurrent.ThreadPoolExecutor$Worker.run(ThreadPoolExecutor.java:624)
	at java.lang.Thread.run(Thread.java:748)
]]>
            </full-stacktrace>
          </exception> <!-- java.lang.NullPointerException -->
          <reporter-output>
          </reporter-output>
        </test-method> <!-- openBrowser -->
        <test-method status="SKIP" signature="bookFlight()[pri:0, instance:com.orbitz.com.pageobjects.BaseClass@5594a1b5]" name="bookFlight" duration-ms="1" started-at="2018-02-19T16:26:39Z" finished-at="2018-02-19T16:26:39Z">
          <reporter-output>
          </reporter-output>
        </test-method> <!-- bookFlight -->
        <test-method status="SKIP" signature="closeBrowser()[pri:0, instance:com.orbitz.com.pageobjects.BaseClass@5594a1b5]" name="closeBrowser" is-config="true" duration-ms="0" started-at="2018-02-19T16:26:39Z" finished-at="2018-02-19T16:26:39Z">
          <reporter-output>
          </reporter-output>
        </test-method> <!-- closeBrowser -->
      </class> <!-- com.orbitz.com.pageobjects.BaseClass -->
    </test> <!-- ChromeTest -->
    <test name="FirefoxTest" duration-ms="56096" started-at="2018-02-19T10:56:38Z" finished-at="2018-02-19T10:57:34Z">
      <class name="com.orbitz.com.pageobjects.BaseClass">
        <test-method status="FAIL" signature="openBrowser(java.lang.String)[pri:0, instance:com.orbitz.com.pageobjects.BaseClass@edf4efb]" name="openBrowser" is-config="true" duration-ms="0" started-at="2018-02-19T16:26:38Z" finished-at="2018-02-19T16:26:38Z">
          <params>
            <param index="0">
              <value>
                <![CDATA[firefox]]>
              </value>
            </param>
          </params>
          <exception class="java.lang.NullPointerException">
            <full-stacktrace>
              <![CDATA[java.lang.NullPointerException
	at com.orbitz.com.pageobjects.BaseClass.openBrowser(BaseClass.java:51)
	at sun.reflect.NativeMethodAccessorImpl.invoke0(Native Method)
	at sun.reflect.NativeMethodAccessorImpl.invoke(NativeMethodAccessorImpl.java:62)
	at sun.reflect.DelegatingMethodAccessorImpl.invoke(DelegatingMethodAccessorImpl.java:43)
	at java.lang.reflect.Method.invoke(Method.java:498)
	at org.testng.internal.MethodInvocationHelper.invokeMethod(MethodInvocationHelper.java:84)
	at org.testng.internal.Invoker.invokeConfigurationMethod(Invoker.java:564)
	at org.testng.internal.Invoker.invokeConfigurations(Invoker.java:213)
	at org.testng.internal.Invoker.invokeMethod(Invoker.java:653)
	at org.testng.internal.Invoker.invokeTestMethod(Invoker.java:901)
	at org.testng.internal.Invoker.invokeTestMethods(Invoker.java:1231)
	at org.testng.internal.TestMethodWorker.invokeTestMethods(TestMethodWorker.java:127)
	at org.testng.internal.TestMethodWorker.run(TestMethodWorker.java:111)
	at org.testng.TestRunner.privateRun(TestRunner.java:767)
	at org.testng.TestRunner.run(TestRunner.java:617)
	at org.testng.SuiteRunner.runTest(SuiteRunner.java:348)
	at org.testng.SuiteRunner.access$000(SuiteRunner.java:38)
	at org.testng.SuiteRunner$SuiteWorker.run(SuiteRunner.java:382)
	at org.testng.internal.thread.ThreadUtil$2.call(ThreadUtil.java:64)
	at java.util.concurrent.FutureTask.run(FutureTask.java:266)
	at java.util.concurrent.ThreadPoolExecutor.runWorker(ThreadPoolExecutor.java:1149)
	at java.util.concurrent.ThreadPoolExecutor$Worker.run(ThreadPoolExecutor.java:624)
	at java.lang.Thread.run(Thread.java:748)
]]>
            </full-stacktrace>
          </exception> <!-- java.lang.NullPointerException -->
          <reporter-output>
          </reporter-output>
        </test-method> <!-- openBrowser -->
        <test-method status="SKIP" signature="bookFlight()[pri:0, instance:com.orbitz.com.pageobjects.BaseClass@edf4efb]" name="bookFlight" duration-ms="0" started-at="2018-02-19T16:27:34Z" finished-at="2018-02-19T16:27:34Z">
          <reporter-output>
          </reporter-output>
        </test-method> <!-- bookFlight -->
        <test-method status="SKIP" signature="closeBrowser()[pri:0, instance:com.orbitz.com.pageobjects.BaseClass@edf4efb]" name="closeBrowser" is-config="true" duration-ms="0" started-at="2018-02-19T16:27:34Z" finished-at="2018-02-19T16:27:34Z">
          <reporter-output>
          </reporter-output>
        </test-method> <!-- closeBrowser -->
      </class> <!-- com.orbitz.com.pageobjects.BaseClass -->
    </test> <!-- FirefoxTest -->
  </suite> <!-- Suite -->
</testng-results>
