<?xml version="1.0" encoding="UTF-8"?>
<testng-results skipped="1" failed="0" total="2" passed="1">
  <reporter-output>
  </reporter-output>
  <suite name="Suite" duration-ms="113081" started-at="2018-02-23T11:53:43Z" finished-at="2018-02-23T11:55:36Z">
    <groups>
    </groups>
    <test name="FirefoxTest" duration-ms="6288" started-at="2018-02-23T11:53:43Z" finished-at="2018-02-23T11:53:49Z">
      <class name="com.orbitz.com.pageobjects.BaseClass">
        <test-method status="FAIL" signature="openBrowser(java.lang.String)[pri:0, instance:com.orbitz.com.pageobjects.BaseClass@6eebc39e]" name="openBrowser" is-config="true" duration-ms="0" started-at="2018-02-23T17:23:43Z" finished-at="2018-02-23T17:23:43Z">
          <params>
            <param index="0">
              <value>
                <![CDATA[firefox]]>
              </value>
            </param>
          </params>
          <exception class="java.lang.NullPointerException">
            <full-stacktrace>
              <![CDATA[java.lang.NullPointerException
	at com.orbitz.com.pageobjects.TestBase.openBrowser(TestBase.java:49)
	at sun.reflect.NativeMethodAccessorImpl.invoke0(Native Method)
	at sun.reflect.NativeMethodAccessorImpl.invoke(Unknown Source)
	at sun.reflect.DelegatingMethodAccessorImpl.invoke(Unknown Source)
	at java.lang.reflect.Method.invoke(Unknown Source)
	at org.testng.internal.MethodInvocationHelper.invokeMethod(MethodInvocationHelper.java:84)
	at org.testng.internal.Invoker.invokeConfigurationMethod(Invoker.java:564)
	at org.testng.internal.Invoker.invokeConfigurations(Invoker.java:213)
	at org.testng.internal.Invoker.invokeMethod(Invoker.java:653)
	at org.testng.internal.Invoker.invokeTestMethod(Invoker.java:901)
	at org.testng.internal.Invoker.invokeTestMethods(Invoker.java:1231)
	at org.testng.internal.TestMethodWorker.invokeTestMethods(TestMethodWorker.java:127)
	at org.testng.internal.TestMethodWorker.run(TestMethodWorker.java:111)
	at org.testng.TestRunner.privateRun(TestRunner.java:767)
	at org.testng.TestRunner.run(TestRunner.java:617)
	at org.testng.SuiteRunner.runTest(SuiteRunner.java:348)
	at org.testng.SuiteRunner.access$000(SuiteRunner.java:38)
	at org.testng.SuiteRunner$SuiteWorker.run(SuiteRunner.java:382)
	at org.testng.internal.thread.ThreadUtil$2.call(ThreadUtil.java:64)
	at java.util.concurrent.FutureTask.run(Unknown Source)
	at java.util.concurrent.ThreadPoolExecutor.runWorker(Unknown Source)
	at java.util.concurrent.ThreadPoolExecutor$Worker.run(Unknown Source)
	at java.lang.Thread.run(Unknown Source)
]]>
            </full-stacktrace>
          </exception> <!-- java.lang.NullPointerException -->
          <reporter-output>
          </reporter-output>
        </test-method> <!-- openBrowser -->
        <test-method status="SKIP" signature="closeBrowser()[pri:0, instance:com.orbitz.com.pageobjects.BaseClass@6eebc39e]" name="closeBrowser" is-config="true" duration-ms="0" started-at="2018-02-23T17:23:49Z" finished-at="2018-02-23T17:23:49Z">
          <reporter-output>
          </reporter-output>
        </test-method> <!-- closeBrowser -->
        <test-method status="SKIP" signature="bookFlight()[pri:0, instance:com.orbitz.com.pageobjects.BaseClass@6eebc39e]" name="bookFlight" duration-ms="0" started-at="2018-02-23T17:23:49Z" finished-at="2018-02-23T17:23:49Z">
          <reporter-output>
          </reporter-output>
        </test-method> <!-- bookFlight -->
      </class> <!-- com.orbitz.com.pageobjects.BaseClass -->
    </test> <!-- FirefoxTest -->
    <test name="ChromeTest" duration-ms="113081" started-at="2018-02-23T11:53:43Z" finished-at="2018-02-23T11:55:36Z">
      <class name="com.orbitz.com.pageobjects.BaseClass">
        <test-method status="PASS" signature="openBrowser(java.lang.String)[pri:0, instance:com.orbitz.com.pageobjects.BaseClass@3532ec19]" name="openBrowser" is-config="true" duration-ms="90487" started-at="2018-02-23T17:23:43Z" finished-at="2018-02-23T17:25:14Z">
          <params>
            <param index="0">
              <value>
                <![CDATA[chrome]]>
              </value>
            </param>
          </params>
          <reporter-output>
          </reporter-output>
        </test-method> <!-- openBrowser -->
        <test-method status="PASS" signature="bookFlight()[pri:0, instance:com.orbitz.com.pageobjects.BaseClass@3532ec19]" name="bookFlight" duration-ms="21775" started-at="2018-02-23T17:25:14Z" finished-at="2018-02-23T17:25:35Z">
          <reporter-output>
          </reporter-output>
        </test-method> <!-- bookFlight -->
        <test-method status="PASS" signature="closeBrowser()[pri:0, instance:com.orbitz.com.pageobjects.BaseClass@3532ec19]" name="closeBrowser" is-config="true" duration-ms="804" started-at="2018-02-23T17:25:35Z" finished-at="2018-02-23T17:25:36Z">
          <reporter-output>
          </reporter-output>
        </test-method> <!-- closeBrowser -->
      </class> <!-- com.orbitz.com.pageobjects.BaseClass -->
    </test> <!-- ChromeTest -->
  </suite> <!-- Suite -->
</testng-results>
